<?xml version="1.0" encoding="UTF-8"?>
<!-- Generated by org.testng.reporters.JUnitReportReporter -->
<testsuite hostname="DESKTOP-COT2GCT" failures="0" tests="1" name="tests.TC0001" time="0.009" errors="0" timestamp="02 AÄŸu 2019 09:57:08 GMT" skipped="0">
  <testcase classname="tests.TC0001" name="verifyClickLogIn" time="0.009"/>
</testsuite> <!-- tests.TC0001 -->
